"C:\Program Files\JetBrains\CLion 2018.3.4\bin\cmake\win\bin\cmake.exe" -DCMAKE_BUILD_TYPE=Debug -G "CodeBlocks - NMake Makefiles" "C:\Users\giorgia\Google Drive\Anno 2018-2019\TPSEE\2°progetto\Software\untitled"
-- The C compiler identification is MSVC 19.16.27027.1
-- The CXX compiler identification is MSVC 19.16.27027.1
-- Check for working C compiler: C:/Program Files (x86)/Microsoft Visual Studio/2017/Community/VC/Tools/MSVC/14.16.27023/bin/Hostx86/x86/cl.exe
-- Check for working C compiler: C:/Program Files (x86)/Microsoft Visual Studio/2017/Community/VC/Tools/MSVC/14.16.27023/bin/Hostx86/x86/cl.exe -- broken
CMake Error at C:/Program Files/JetBrains/CLion 2018.3.4/bin/cmake/win/share/cmake-3.13/Modules/CMakeTestCCompiler.cmake:52 (message):
  The C compiler

    "C:/Program Files (x86)/Microsoft Visual Studio/2017/Community/VC/Tools/MSVC/14.16.27023/bin/Hostx86/x86/cl.exe"

  is not able to compile a simple test program.

  It fails with the following output:

    Change Dir: C:/Users/giorgia/Google Drive/Anno 2018-2019/TPSEE/2Â°progetto/Software/untitled/cmake-build-debug/CMakeFiles/CMakeTmp
    
    Run Build Command:"nmake" "/nologo" "cmTC_99ffb\fast"
    	"C:\Program Files (x86)\Microsoft Visual Studio\2017\Community\VC\Tools\MSVC\14.16.27023\bin\HostX86\x86\nmake.exe" -f CMakeFiles\cmTC_99ffb.dir\build.make /nologo -L                  CMakeFiles\cmTC_99ffb.dir\build
    Building C object CMakeFiles/cmTC_99ffb.dir/testCCompiler.c.obj
    	C:\PROGRA~2\MICROS~4\2017\COMMUN~1\VC\Tools\MSVC\1416~1.270\bin\Hostx86\x86\cl.exe @C:\Users\giorgia\AppData\Local\Temp\nmD569.tmp
    testCCompiler.c
    Linking C executable cmTC_99ffb.exe
    	"C:\Program Files\JetBrains\CLion 2018.3.4\bin\cmake\win\bin\cmake.exe" -E vs_link_exe --intdir=CMakeFiles\cmTC_99ffb.dir --manifests  -- C:\PROGRA~2\MICROS~4\2017\COMMUN~1\VC\Tools\MSVC\1416~1.270\bin\Hostx86\x86\link.exe /nologo @CMakeFiles\cmTC_99ffb.dir\objects1.rsp @C:\Users\giorgia\AppData\Local\Temp\nmD701.tmp
    LINK Pass 1: command "C:\PROGRA~2\MICROS~4\2017\COMMUN~1\VC\Tools\MSVC\1416~1.270\bin\Hostx86\x86\link.exe /nologo @CMakeFiles\cmTC_99ffb.dir\objects1.rsp /out:cmTC_99ffb.exe /implib:cmTC_99ffb.lib /pdb:C:\Users\giorgia\Google Drive\Anno 2018-2019\TPSEE\2?progetto\Software\untitled\cmake-build-debug\CMakeFiles\CMakeTmp\cmTC_99ffb.pdb /version:0.0 /machine:X86 /debug /INCREMENTAL /subsystem:console kernel32.lib user32.lib gdi32.lib winspool.lib shell32.lib ole32.lib oleaut32.lib uuid.lib comdlg32.lib advapi32.lib /MANIFEST /MANIFESTFILE:CMakeFiles\cmTC_99ffb.dir/intermediate.manifest CMakeFiles\cmTC_99ffb.dir/manifest.res" failed (exit code 1201) with the following output:
    LINK : fatal error LNK1201: error writing to program database 'C:\Users\giorgia\Google Drive\Anno 2018-2019\TPSEE\2?progetto\Software\untitled\cmake-build-debug\CMakeFiles\CMakeTmp\cmTC_99ffb.pdb'; check for insufficient disk space, invalid path, or insufficient privilege
    NMAKE : fatal error U1077: '"C:\Program Files\JetBrains\CLion 2018.3.4\bin\cmake\win\bin\cmake.exe"' : return code '0xffffffff'
    Stop.
    NMAKE : fatal error U1077: '"C:\Program Files (x86)\Microsoft Visual Studio\2017\Community\VC\Tools\MSVC\14.16.27023\bin\HostX86\x86\nmake.exe"' : return code '0x2'
    Stop.
    

  

  CMake will not be able to correctly generate this project.
Call Stack (most recent call first):
  CMakeLists.txt:2 (project)


-- Configuring incomplete, errors occurred!
See also "C:/Users/giorgia/Google Drive/Anno 2018-2019/TPSEE/2Â°progetto/Software/untitled/cmake-build-debug/CMakeFiles/CMakeOutput.log".
See also "C:/Users/giorgia/Google Drive/Anno 2018-2019/TPSEE/2Â°progetto/Software/untitled/cmake-build-debug/CMakeFiles/CMakeError.log".
